Performing C SOURCE FILE Test CMAKE_HAVE_LIBC_PTHREAD failed with the following output:
Change Dir: /home/mvladic/eez_lvgl_stm32mp157_demo/[Normal]_lvgl_CMake_stm32mp157_linux/_build/CMakeFiles/CMakeTmp

Run Build Command(s):/usr/bin/make -f Makefile cmTC_00428/fast && /usr/bin/make  -f CMakeFiles/cmTC_00428.dir/build.make CMakeFiles/cmTC_00428.dir/build
make[1]: Entering directory '/home/mvladic/eez_lvgl_stm32mp157_demo/[Normal]_lvgl_CMake_stm32mp157_linux/_build/CMakeFiles/CMakeTmp'
Building C object CMakeFiles/cmTC_00428.dir/src.c.o
/usr/bin/arm-linux-gnueabihf-gcc -DCMAKE_HAVE_LIBC_PTHREAD   -o CMakeFiles/cmTC_00428.dir/src.c.o -c /home/mvladic/eez_lvgl_stm32mp157_demo/[Normal]_lvgl_CMake_stm32mp157_linux/_build/CMakeFiles/CMakeTmp/src.c
Linking C executable cmTC_00428
/usr/local/bin/cmake -E cmake_link_script CMakeFiles/cmTC_00428.dir/link.txt --verbose=1
/usr/bin/arm-linux-gnueabihf-gcc CMakeFiles/cmTC_00428.dir/src.c.o -o cmTC_00428 
/usr/lib/gcc-cross/arm-linux-gnueabihf/9/../../../../arm-linux-gnueabihf/bin/ld: CMakeFiles/cmTC_00428.dir/src.c.o: in function `main':
src.c:(.text+0x36): undefined reference to `pthread_create'
/usr/lib/gcc-cross/arm-linux-gnueabihf/9/../../../../arm-linux-gnueabihf/bin/ld: src.c:(.text+0x3e): undefined reference to `pthread_detach'
/usr/lib/gcc-cross/arm-linux-gnueabihf/9/../../../../arm-linux-gnueabihf/bin/ld: src.c:(.text+0x46): undefined reference to `pthread_cancel'
/usr/lib/gcc-cross/arm-linux-gnueabihf/9/../../../../arm-linux-gnueabihf/bin/ld: src.c:(.text+0x50): undefined reference to `pthread_join'
collect2: error: ld returned 1 exit status
make[1]: *** [CMakeFiles/cmTC_00428.dir/build.make:99: cmTC_00428] Error 1
make[1]: Leaving directory '/home/mvladic/eez_lvgl_stm32mp157_demo/[Normal]_lvgl_CMake_stm32mp157_linux/_build/CMakeFiles/CMakeTmp'
make: *** [Makefile:127: cmTC_00428/fast] Error 2


Source file was:
#include <pthread.h>

static void* test_func(void* data)
{
  return data;
}

int main(void)
{
  pthread_t thread;
  pthread_create(&thread, NULL, test_func, NULL);
  pthread_detach(thread);
  pthread_cancel(thread);
  pthread_join(thread, NULL);
  pthread_atfork(NULL, NULL, NULL);
  pthread_exit(NULL);

  return 0;
}

Determining if the function pthread_create exists in the pthreads failed with the following output:
Change Dir: /home/mvladic/eez_lvgl_stm32mp157_demo/[Normal]_lvgl_CMake_stm32mp157_linux/_build/CMakeFiles/CMakeTmp

Run Build Command(s):/usr/bin/make -f Makefile cmTC_3b068/fast && /usr/bin/make  -f CMakeFiles/cmTC_3b068.dir/build.make CMakeFiles/cmTC_3b068.dir/build
make[1]: Entering directory '/home/mvladic/eez_lvgl_stm32mp157_demo/[Normal]_lvgl_CMake_stm32mp157_linux/_build/CMakeFiles/CMakeTmp'
Building C object CMakeFiles/cmTC_3b068.dir/CheckFunctionExists.c.o
/usr/bin/arm-linux-gnueabihf-gcc   -DCHECK_FUNCTION_EXISTS=pthread_create -o CMakeFiles/cmTC_3b068.dir/CheckFunctionExists.c.o -c /usr/local/share/cmake-3.22/Modules/CheckFunctionExists.c
Linking C executable cmTC_3b068
/usr/local/bin/cmake -E cmake_link_script CMakeFiles/cmTC_3b068.dir/link.txt --verbose=1
/usr/bin/arm-linux-gnueabihf-gcc  -DCHECK_FUNCTION_EXISTS=pthread_create CMakeFiles/cmTC_3b068.dir/CheckFunctionExists.c.o -o cmTC_3b068  -lpthreads 
/usr/lib/gcc-cross/arm-linux-gnueabihf/9/../../../../arm-linux-gnueabihf/bin/ld: cannot find -lpthreads
collect2: error: ld returned 1 exit status
make[1]: *** [CMakeFiles/cmTC_3b068.dir/build.make:99: cmTC_3b068] Error 1
make[1]: Leaving directory '/home/mvladic/eez_lvgl_stm32mp157_demo/[Normal]_lvgl_CMake_stm32mp157_linux/_build/CMakeFiles/CMakeTmp'
make: *** [Makefile:127: cmTC_3b068/fast] Error 2



